<?xml version="1.0" encoding="UTF-8"?>
<testng-results ignored="0" total="2" passed="2" failed="0" skipped="0">
  <reporter-output>
  </reporter-output>
  <suite started-at="2021-06-07T19:43:52 IST" name="Default suite" finished-at="2021-06-07T19:43:52 IST" duration-ms="95">
    <groups>
    </groups>
    <test started-at="2021-06-07T19:43:52 IST" name="Default test" finished-at="2021-06-07T19:43:52 IST" duration-ms="95">
      <class name="Selenium.MavenJava.Test2">
        <test-method signature="maventest21()[pri:0, instance:Selenium.MavenJava.Test2@318ba8c8]" started-at="2021-06-07T19:43:52 IST" name="maventest21" finished-at="2021-06-07T19:43:52 IST" duration-ms="16" status="PASS">
          <reporter-output>
          </reporter-output>
        </test-method> <!-- maventest21 -->
        <test-method signature="maventest22()[pri:0, instance:Selenium.MavenJava.Test2@318ba8c8]" started-at="2021-06-07T19:43:52 IST" name="maventest22" finished-at="2021-06-07T19:43:52 IST" duration-ms="2" status="PASS">
          <reporter-output>
          </reporter-output>
        </test-method> <!-- maventest22 -->
      </class> <!-- Selenium.MavenJava.Test2 -->
    </test> <!-- Default test -->
  </suite> <!-- Default suite -->
</testng-results>
